<?xml version="1.0" encoding="UTF-8"?>
<testsuite xmlns:xsi="http://www.w3.org/2001/XMLSchema-instance" xsi:noNamespaceSchemaLocation="https://maven.apache.org/surefire/maven-surefire-plugin/xsd/surefire-test-report.xsd" name="com.vytrack.runners.FailedTestRunner" time="0.002" tests="1" errors="1" skipped="0" failures="0">
  <properties>
[...]
</properties>
  <testcase name="initializationError" classname="com.vytrack.runners.FailedTestRunner" time="0">
    <error message="Failed to parse &apos;target\rerun.text&apos;" type="io.cucumber.core.exception.CucumberException">io.cucumber.core.exception.CucumberException: Failed to parse 'target\rerun.text'
Caused by: java.nio.file.NoSuchFileException: target\rerun.text
</error>
  </testcase>
</testsuite>